<?xml version="1.0" encoding="UTF-8"?>
<!-- Generated by org.testng.reporters.JUnitReportReporter -->
<testsuite hostname="Joshni" failures="0" tests="4" name="com.Amazokort.registertest.RegisterTest" time="1.410" errors="0" timestamp="2024-08-09T10:52:24 IST" skipped="1">
  <testcase classname="com.Amazokort.registertest.RegisterTest" name="createuser_invalidData" time="0.485">
    <system-out>
      <![CDATA[createuser_InvalidData for Register Test]]>
    </system-out>
  </testcase> <!-- createuser_invalidData -->
  <testcase classname="com.Amazokort.registertest.RegisterTest" name="createuser_invalidData" time="0.520">
    <system-out>
      <![CDATA[createuser_InvalidData for Register Test]]>
    </system-out>
  </testcase> <!-- createuser_invalidData -->
  <testcase classname="com.Amazokort.registertest.RegisterTest" name="createuser_invalidData" time="0.405">
    <system-out>
      <![CDATA[createuser_InvalidData for Register Test]]>
    </system-out>
  </testcase> <!-- createuser_invalidData -->
  <testcase classname="com.Amazokort.registertest.RegisterTest" name="createuser_validData">
    <skipped/>
  </testcase> <!-- createuser_validData -->
  <system-out>
    <![CDATA[Getsuiteconnection Done sucessfully
Precondition Done sucessfully
BrowserSetup sucessfully
Login sucessfully
createuser_InvalidData for Register Test
Logout sucessfully
Login sucessfully
createuser_InvalidData for Register Test
Logout sucessfully
Login sucessfully
createuser_InvalidData for Register Test
Logout sucessfully
Closebrowser sucessfully
Postcondition Done sucessfully
Terminatesuiteconnection Done sucessfully]]>
  </system-out>
</testsuite> <!-- com.Amazokort.registertest.RegisterTest -->
