<?xml version="1.0" encoding="UTF-8"?>
<!-- Generated by org.testng.reporters.JUnitReportReporter -->
<testsuite hostname="Joshni" failures="0" tests="3" name="com.Amazokort.kidsproducttest.KidsProductTest1" time="0.028" errors="0" timestamp="2024-08-05T11:15:21 IST" skipped="1">
  <testcase classname="com.Amazokort.kidsproducttest.KidsProductTest1" name="addproduct" time="0.025">
    <system-out>
      <![CDATA[Addproduct--Kids PRD sucessfully]]>
    </system-out>
  </testcase> <!-- addproduct -->
  <testcase classname="com.Amazokort.kidsproducttest.KidsProductTest1" name="addproduct" time="0.003">
    <system-out>
      <![CDATA[Addproduct--Kids PRD sucessfully]]>
    </system-out>
  </testcase> <!-- addproduct -->
  <testcase classname="com.Amazokort.kidsproducttest.KidsProductTest1" name="deleteproduct">
    <skipped/>
  </testcase> <!-- deleteproduct -->
  <system-out>
    <![CDATA[Addproduct--Kids PRD sucessfully
Addproduct--Kids PRD sucessfully
Addproduct--Kids PRD sucessfully
Addproduct--Kids PRD sucessfully]]>
  </system-out>
</testsuite> <!-- com.Amazokort.kidsproducttest.KidsProductTest1 -->
