<?xml version="1.0" encoding="UTF-8"?>
<!-- Generated by org.testng.reporters.JUnitReportReporter -->
<testsuite hostname="Joshni" failures="0" tests="2" name="com.Amazokort.kidsproducttest.KidsProductTest2" time="0.008" errors="0" timestamp="2024-08-05T11:15:21 IST" skipped="0">
  <testcase classname="com.Amazokort.kidsproducttest.KidsProductTest2" name="addproduct" time="0.004">
    <system-out>
      <![CDATA[Addproduct--Kids PRD sucessfully]]>
    </system-out>
  </testcase> <!-- addproduct -->
  <testcase classname="com.Amazokort.kidsproducttest.KidsProductTest2" name="addproduct" time="0.004">
    <system-out>
      <![CDATA[Addproduct--Kids PRD sucessfully]]>
    </system-out>
  </testcase> <!-- addproduct -->
  <system-out>
    <![CDATA[Addproduct--Kids PRD sucessfully
Addproduct--Kids PRD sucessfully
Addproduct--Kids PRD sucessfully
Addproduct--Kids PRD sucessfully]]>
  </system-out>
</testsuite> <!-- com.Amazokort.kidsproducttest.KidsProductTest2 -->
