<?xml version="1.0" encoding="UTF-8"?>
<!-- Generated by org.testng.reporters.JUnitReportReporter -->
<testsuite hostname="Joshni" failures="0" tests="4" name="com.Amazokort.registertest.RegisterTest" time="3.556" errors="0" timestamp="2024-09-12T16:01:35 IST" skipped="0">
  <testcase classname="com.Amazokort.registertest.RegisterTest" name="registerValidData" time="3.370"/>
  <testcase classname="com.Amazokort.registertest.RegisterTest" name="validateRegisterButtonsize" time="0.053">
    <system-out>
      <![CDATA[RegisterButtonsize]]>
    </system-out>
  </testcase> <!-- validateRegisterButtonsize -->
  <testcase classname="com.Amazokort.registertest.RegisterTest" name="validateRegisterButtonposition" time="0.063">
    <system-out>
      <![CDATA[RegisterButtonposition]]>
    </system-out>
  </testcase> <!-- validateRegisterButtonposition -->
  <testcase classname="com.Amazokort.registertest.RegisterTest" name="validateRegisterButtoncolour" time="0.070">
    <system-out>
      <![CDATA[RegisterButtoncolour]]>
    </system-out>
  </testcase> <!-- validateRegisterButtoncolour -->
  <system-out>
    <![CDATA[get SuiteConnections done Successful
Pre Condition Successful
BrowserSetup chromesuccessful
Login Successful
Logout Successful
Login Successful
RegisterButtoncolour
Logout Successful
Login Successful
RegisterButtonposition
Logout Successful
Login Successful
RegisterButtonsize
Logout Successful
CloseBrowser Successful
Postcondition done Successful
terminate SuiteConnections done Successful]]>
  </system-out>
</testsuite> <!-- com.Amazokort.registertest.RegisterTest -->
