<?xml version="1.0" encoding="UTF-8"?>
<!-- Generated by org.testng.reporters.JUnitReportReporter -->
<testsuite hostname="Joshni" failures="0" tests="1" name="com.Amazokart.producttest.product_CommonTest" time="0.014" errors="0" timestamp="2024-09-09T17:07:09 IST" skipped="0">
  <testcase classname="com.Amazokart.producttest.product_CommonTest" name="addProduct" time="0.014">
    <system-out>
      <![CDATA[Addedproduct--Common sucessfully]]>
    </system-out>
  </testcase> <!-- addProduct -->
  <system-out>
    <![CDATA[Addedproduct--Electronic sucessfully
Addedproduct--Mens sucessfully
Addedproduct--Common sucessfully
Addproduct--Kids PRD 2 sucessfully
Addproduct--Kids PRD 3 sucessfully
Addproduct--Kids PRD 4 sucessfully
Addproduct--Kids PRD sucessfully
Addproduct--Kids PRD 6 sucessfully
Addproduct--Kids PRD 7 sucessfully
Addproduct--Kids PRD 8 sucessfully
Addproduct--Kids PRD 9 sucessfully
Addproduct--Kids PRD 10 sucessfully
Addproduct--Kids PRD 1 sucessfully]]>
  </system-out>
</testsuite> <!-- com.Amazokart.producttest.product_CommonTest -->
