<?xml version="1.0" encoding="UTF-8"?>
<!-- Generated by org.testng.reporters.JUnitReportReporter -->
<testsuite hostname="Joshni" failures="0" tests="1" name="com.Amazokort.kidsproducttest.KidsProductTest4" time="0.002" errors="0" timestamp="2024-08-02T11:55:07 IST" skipped="0">
  <testcase classname="com.Amazokort.kidsproducttest.KidsProductTest4" name="addproduct" time="0.002">
    <system-out>
      <![CDATA[Addproduct--Kids PRD sucessfully]]>
    </system-out>
  </testcase> <!-- addproduct -->
  <system-out>
    <![CDATA[Addproduct--Kids PRD sucessfully
Addproduct--Kids PRD sucessfully
Addproduct--Kids PRD sucessfully
Addproduct--Kids PRD sucessfully
Addproduct--Kids PRD sucessfully
Addproduct--Kids PRD sucessfully]]>
  </system-out>
</testsuite> <!-- com.Amazokort.kidsproducttest.KidsProductTest4 -->
